<?xml version="1.0" encoding="UTF-8"?>
<testsuite xmlns:xsi="http://www.w3.org/2001/XMLSchema-instance" xsi:noNamespaceSchemaLocation="https://maven.apache.org/surefire/maven-surefire-plugin/xsd/surefire-test-report-3.0.xsd" version="3.0" name="it.intesigroup.usermanagement.service.UserServiceImplTest" time="1.649" tests="11" errors="0" skipped="0" failures="0">
  <properties>
[...]
</properties>
  <testcase name="deleteUser_whenActive_setsStatusDeleted" classname="it.intesigroup.usermanagement.service.UserServiceImplTest" time="1.534">
    <system-out><![CDATA[22:12:55.373 [main] INFO it.intesigroup.usermanagement.service.impl.UserServiceImpl -- Eliminazione logica utente id=22319f34-9af5-44cc-81a8-ae305ba20701
22:12:55.384 [main] INFO it.intesigroup.usermanagement.service.impl.UserServiceImpl -- Utente id=22319f34-9af5-44cc-81a8-ae305ba20701 eliminato logicamente
]]></system-out>
    <system-err><![CDATA[WARNING: A Java agent has been loaded dynamically (C:\Users\nonni\.m2\repository\net\bytebuddy\byte-buddy-agent\1.14.16\byte-buddy-agent-1.14.16.jar)
WARNING: If a serviceability tool is in use, please run with -XX:+EnableDynamicAgentLoading to hide this warning
WARNING: If a serviceability tool is not in use, please run with -Djdk.instrument.traceUsage for more information
WARNING: Dynamic loading of agents will be disallowed by default in a future release
]]></system-err>
  </testcase>
  <testcase name="disableUser_whenActive_setsStatusDisabled" classname="it.intesigroup.usermanagement.service.UserServiceImplTest" time="0.005">
    <system-out><![CDATA[22:12:55.456 [main] INFO it.intesigroup.usermanagement.service.impl.UserServiceImpl -- Disabilitazione utente id=e8597f65-0f78-4809-bb73-47b0e8853083
22:12:55.456 [main] INFO it.intesigroup.usermanagement.service.impl.UserServiceImpl -- Utente id=e8597f65-0f78-4809-bb73-47b0e8853083 disabilitato
]]></system-out>
  </testcase>
  <testcase name="updateUser_withPartialData_updatesOnlyNonNullFields" classname="it.intesigroup.usermanagement.service.UserServiceImplTest" time="0.017">
    <system-out><![CDATA[22:12:55.469 [main] INFO it.intesigroup.usermanagement.service.impl.UserServiceImpl -- Aggiornamento utente id=4618d9cd-25be-41b5-9ce9-e221b4d49dff
22:12:55.469 [main] INFO it.intesigroup.usermanagement.service.impl.UserServiceImpl -- Utente id=4618d9cd-25be-41b5-9ce9-e221b4d49dff aggiornato
]]></system-out>
  </testcase>
  <testcase name="findAllUsers_returnsPageOfActiveUsers" classname="it.intesigroup.usermanagement.service.UserServiceImplTest" time="0.015"/>
  <testcase name="createUser_withDuplicateEmail_throwsDuplicateFieldException" classname="it.intesigroup.usermanagement.service.UserServiceImplTest" time="0.019">
    <system-out><![CDATA[22:12:55.497 [main] INFO it.intesigroup.usermanagement.service.impl.UserServiceImpl -- Creazione utente username=altro, email=mario.rossi@example.com
]]></system-out>
  </testcase>
  <testcase name="findUserById_whenNotFound_throwsUserNotFoundException" classname="it.intesigroup.usermanagement.service.UserServiceImplTest" time="0.005"/>
  <testcase name="createUser_withDuplicateUsername_throwsDuplicateFieldException" classname="it.intesigroup.usermanagement.service.UserServiceImplTest" time="0.0">
    <system-out><![CDATA[22:12:55.517 [main] INFO it.intesigroup.usermanagement.service.impl.UserServiceImpl -- Creazione utente username=mrossi, email=altro@example.com
]]></system-out>
  </testcase>
  <testcase name="disableUser_whenAlreadyDisabled_throwsInvalidStatusTransition" classname="it.intesigroup.usermanagement.service.UserServiceImplTest" time="0.004">
    <system-out><![CDATA[22:12:55.521 [main] INFO it.intesigroup.usermanagement.service.impl.UserServiceImpl -- Disabilitazione utente id=f0e8aff0-e518-421e-af67-5990260a90bd
]]></system-out>
  </testcase>
  <testcase name="findUserById_whenFound_returnsResponse" classname="it.intesigroup.usermanagement.service.UserServiceImplTest" time="0.0"/>
  <testcase name="createUser_withValidData_createsUserAndPublishesEvent" classname="it.intesigroup.usermanagement.service.UserServiceImplTest" time="0.011">
    <system-out><![CDATA[22:12:55.531 [main] INFO it.intesigroup.usermanagement.service.impl.UserServiceImpl -- Creazione utente username=mrossi, email=mario.rossi@example.com
22:12:55.531 [main] INFO it.intesigroup.usermanagement.service.impl.UserServiceImpl -- Utente creato con id=059e3adf-d4e1-4e12-9eac-60f7f107bae6
]]></system-out>
  </testcase>
  <testcase name="deleteUser_whenAlreadyDeleted_throwsInvalidStatusTransition" classname="it.intesigroup.usermanagement.service.UserServiceImplTest" time="0.003">
    <system-out><![CDATA[22:12:55.541 [main] INFO it.intesigroup.usermanagement.service.impl.UserServiceImpl -- Eliminazione logica utente id=1e3bc7d5-185c-4aa7-aa29-7ba813c48ad2
]]></system-out>
  </testcase>
</testsuite>