<?xml version="1.0" encoding="UTF-8"?>
<testsuite xmlns:xsi="http://www.w3.org/2001/XMLSchema-instance" xsi:noNamespaceSchemaLocation="https://maven.apache.org/surefire/maven-failsafe-plugin/xsd/failsafe-test-report-3.0.xsd" version="3.0" name="it.intesigroup.usermanagement.integration.UserControllerIT" time="22.902" tests="9" errors="0" skipped="0" failures="0">
  <properties>
[...]
</properties>
  <testcase name="createUser_withInvalidEmail_returns400" classname="it.intesigroup.usermanagement.integration.UserControllerIT" time="0.64">
    <system-out><![CDATA[22:12:56.934 [main] INFO org.springframework.test.context.support.AnnotationConfigContextLoaderUtils -- Could not detect default configuration classes for test class [it.intesigroup.usermanagement.integration.UserControllerIT]: UserControllerIT does not declare any static, non-private, non-final, nested classes annotated with @Configuration.
22:12:57.016 [main] INFO org.springframework.boot.test.context.SpringBootTestContextBootstrapper -- Found @SpringBootConfiguration it.intesigroup.usermanagement.UserManagementApplication for test class it.intesigroup.usermanagement.integration.UserControllerIT
22:12:57.121 [main] INFO org.testcontainers.images.PullPolicy -- Image pull policy will be performed by: DefaultPullPolicy()
22:12:57.129 [main] INFO org.testcontainers.utility.ImageNameSubstitutor -- Image name substitution will be performed by: DefaultImageNameSubstitutor (composite of 'ConfigurationFileImageNameSubstitutor' and 'PrefixingImageNameSubstitutor')
22:12:57.322 [main] INFO org.testcontainers.dockerclient.DockerClientProviderStrategy -- Loaded org.testcontainers.dockerclient.NpipeSocketClientProviderStrategy from ~/.testcontainers.properties, will try it first
22:12:57.516 [main] INFO org.testcontainers.dockerclient.DockerClientProviderStrategy -- Found Docker environment with local Npipe socket (npipe:////./pipe/docker_engine)
22:12:57.517 [main] INFO org.testcontainers.DockerClientFactory -- Docker host IP address is localhost
22:12:57.538 [main] INFO org.testcontainers.DockerClientFactory -- Connected to docker: 
  Server Version: 29.1.3
  API Version: 1.52
  Operating System: Docker Desktop
  Total Memory: 7793 MB
22:12:57.538 [main] WARN org.testcontainers.utility.ResourceReaper -- 
********************************************************************************
Ryuk has been disabled. This can cause unexpected behavior in your environment.
********************************************************************************
22:12:57.541 [main] INFO org.testcontainers.DockerClientFactory -- Checking the system...
22:12:57.541 [main] INFO org.testcontainers.DockerClientFactory -- ✔︎ Docker server version should be at least 1.6.0
22:12:57.614 [main] INFO tc.rabbitmq:3.13-alpine -- Creating container for image: rabbitmq:3.13-alpine
22:12:57.724 [main] INFO org.testcontainers.utility.RegistryAuthLocator -- Credential helper/store (docker-credential-desktop) does not have credentials for https://index.docker.io/v1/
22:12:57.899 [main] INFO tc.rabbitmq:3.13-alpine -- Container rabbitmq:3.13-alpine is starting: e3483bc85807c5d2471304b6459e0d9cdcb30542399d884519ec3e65f93283ad
22:13:04.029 [main] INFO tc.rabbitmq:3.13-alpine -- Container rabbitmq:3.13-alpine started in PT6.4153452S
22:13:04.029 [main] INFO tc.postgres:16-alpine -- Creating container for image: postgres:16-alpine
22:13:04.179 [main] INFO tc.postgres:16-alpine -- Container postgres:16-alpine is starting: 342a49c7a868156288e7351b59cb6c12bc4e5bbb4d43c01898beb4897ca59e29
22:13:06.007 [main] INFO tc.postgres:16-alpine -- Container postgres:16-alpine started in PT1.9780104S
22:13:06.007 [main] INFO tc.postgres:16-alpine -- Container is started (JDBC URL: jdbc:postgresql://localhost:57675/usermanagement_test?loggerLevel=OFF)
  .   ____          _            __ _ _
 /\\ / ___'_ __ _ _(_)_ __  __ _ \ \ \ \
( ( )\___ | '_ | '_| | '_ \/ _` | \ \ \ \
 \\/  ___)| |_)| | | | | || (_| |  ) ) ) )
  '  |____| .__|_| |_|_| |_\__, | / / / /
 =========|_|==============|___/=/_/_/_/

 :: Spring Boot ::                (v3.3.0)

2026-03-03 22:13:06 [main] INFO  i.i.u.integration.UserControllerIT - Starting UserControllerIT using Java 21.0.10 with PID 27032 (started by nonni in C:\Users\nonni\java-workspace\user-management)
2026-03-03 22:13:06 [main] DEBUG i.i.u.integration.UserControllerIT - Running with Spring Boot v3.3.0, Spring v6.1.8
2026-03-03 22:13:06 [main] INFO  i.i.u.integration.UserControllerIT - The following 1 profile is active: "test"
2026-03-03 22:13:08 [main] INFO  o.s.d.r.c.RepositoryConfigurationDelegate - Bootstrapping Spring Data JPA repositories in DEFAULT mode.
2026-03-03 22:13:09 [main] INFO  o.s.d.r.c.RepositoryConfigurationDelegate - Finished Spring Data repository scanning in 64 ms. Found 2 JPA repository interfaces.
2026-03-03 22:13:10 [main] INFO  com.zaxxer.hikari.HikariDataSource - HikariPool-1 - Starting...
2026-03-03 22:13:10 [main] INFO  com.zaxxer.hikari.pool.HikariPool - HikariPool-1 - Added connection org.postgresql.jdbc.PgConnection@6d946eee
2026-03-03 22:13:10 [main] INFO  com.zaxxer.hikari.HikariDataSource - HikariPool-1 - Start completed.
2026-03-03 22:13:10 [main] INFO  org.flywaydb.core.FlywayExecutor - Database: jdbc:postgresql://localhost:57675/usermanagement_test (PostgreSQL 16.13)
2026-03-03 22:13:10 [main] INFO  o.f.c.i.s.JdbcTableSchemaHistory - Schema history table "public"."flyway_schema_history" does not exist yet
2026-03-03 22:13:10 [main] INFO  o.f.core.internal.command.DbValidate - Successfully validated 2 migrations (execution time 00:00.019s)
2026-03-03 22:13:10 [main] INFO  o.f.c.i.s.JdbcTableSchemaHistory - Creating Schema History table "public"."flyway_schema_history" ...
2026-03-03 22:13:10 [main] INFO  o.f.core.internal.command.DbMigrate - Current version of schema "public": << Empty Schema >>
2026-03-03 22:13:10 [main] INFO  o.f.core.internal.command.DbMigrate - Migrating schema "public" to version "1 - init schema"
2026-03-03 22:13:10 [main] INFO  o.f.core.internal.command.DbMigrate - Migrating schema "public" to version "2 - alter status to varchar"
2026-03-03 22:13:10 [main] INFO  o.f.core.internal.command.DbMigrate - Successfully applied 2 migrations to schema "public", now at version v2 (execution time 00:00.071s)
2026-03-03 22:13:10 [main] INFO  o.h.jpa.internal.util.LogHelper - HHH000204: Processing PersistenceUnitInfo [name: default]
2026-03-03 22:13:11 [main] INFO  org.hibernate.Version - HHH000412: Hibernate ORM core version 6.5.2.Final
2026-03-03 22:13:11 [main] INFO  o.h.c.i.RegionFactoryInitiator - HHH000026: Second-level cache disabled
2026-03-03 22:13:11 [main] INFO  o.s.o.j.p.SpringPersistenceUnitInfo - No LoadTimeWeaver setup: ignoring JPA class transformer
2026-03-03 22:13:11 [main] WARN  org.hibernate.orm.deprecation - HHH90000025: PostgreSQLDialect does not need to be specified explicitly using 'hibernate.dialect' (remove the property setting and it will be selected by default)
2026-03-03 22:13:11 [main] DEBUG o.h.t.d.sql.spi.DdlTypeRegistry - addDescriptor(2003, org.hibernate.type.descriptor.sql.internal.ArrayDdlTypeImpl@48619f15) replaced previous registration(org.hibernate.type.descriptor.sql.internal.ArrayDdlTypeImpl@790ea58f)
2026-03-03 22:13:11 [main] DEBUG o.h.t.d.sql.spi.DdlTypeRegistry - addDescriptor(6, org.hibernate.type.descriptor.sql.internal.CapacityDependentDdlType@78a7fccd) replaced previous registration(org.hibernate.type.descriptor.sql.internal.DdlTypeImpl@410e043b)
2026-03-03 22:13:12 [main] INFO  o.h.e.t.j.p.i.JtaPlatformInitiator - HHH000489: No JTA platform available (set 'hibernate.transaction.jta.platform' to enable JTA platform integration)
2026-03-03 22:13:12 [main] INFO  o.s.o.j.LocalContainerEntityManagerFactoryBean - Initialized JPA EntityManagerFactory for persistence unit 'default'
2026-03-03 22:13:13 [main] INFO  o.s.d.j.r.query.QueryEnhancerFactory - Hibernate is in classpath; If applicable, HQL parser will be used.
2026-03-03 22:13:14 [main] WARN  o.s.b.a.o.j.JpaBaseConfiguration$JpaWebConfiguration - spring.jpa.open-in-view is enabled by default. Therefore, database queries may be performed during view rendering. Explicitly configure spring.jpa.open-in-view to disable this warning
2026-03-03 22:13:14 [main] DEBUG o.s.s.c.a.a.c.AuthenticationConfiguration$DefaultPasswordEncoderAuthenticationManagerBuilder - No authenticationProviders and no parentAuthenticationManager defined. Returning null.
2026-03-03 22:13:15 [main] INFO  o.s.b.a.e.web.EndpointLinksResolver - Exposing 2 endpoints beneath base path '/actuator'
2026-03-03 22:13:16 [main] INFO  o.s.s.web.DefaultSecurityFilterChain - Will secure any request with [org.springframework.security.web.session.DisableEncodeUrlFilter@4ffa1019, org.springframework.security.web.context.request.async.WebAsyncManagerIntegrationFilter@5209c486, org.springframework.security.web.context.SecurityContextHolderFilter@33966111, org.springframework.security.web.header.HeaderWriterFilter@7a0eca26, org.springframework.web.filter.CorsFilter@4c48564d, org.springframework.security.web.authentication.logout.LogoutFilter@46cd3592, org.springframework.security.oauth2.server.resource.web.authentication.BearerTokenAuthenticationFilter@5d55e5bb, org.springframework.security.web.savedrequest.RequestCacheAwareFilter@17b17fa8, org.springframework.security.web.servletapi.SecurityContextHolderAwareRequestFilter@63888c14, org.springframework.security.web.authentication.AnonymousAuthenticationFilter@7316742f, org.springframework.security.web.session.SessionManagementFilter@1a2d79bf, org.springframework.security.web.access.ExceptionTranslationFilter@6fb07db6, org.springframework.security.web.access.intercept.AuthorizationFilter@24b4cee9]
2026-03-03 22:13:17 [main] INFO  o.s.b.t.m.w.SpringBootMockServletContext - Initializing Spring TestDispatcherServlet ''
2026-03-03 22:13:17 [main] INFO  o.s.t.w.s.TestDispatcherServlet - Initializing Servlet ''
2026-03-03 22:13:17 [main] INFO  o.s.t.w.s.TestDispatcherServlet - Completed initialization in 3 ms
2026-03-03 22:13:17 [main] INFO  i.i.u.integration.UserControllerIT - Started UserControllerIT in 11.093 seconds (process running for 20.801)
2026-03-03 22:13:17 [main] DEBUG o.s.security.web.FilterChainProxy - Securing POST /v1/users
2026-03-03 22:13:17 [main] DEBUG o.s.security.web.FilterChainProxy - Secured POST /v1/users
2026-03-03 22:13:17 [main] WARN  i.i.u.e.GlobalExceptionHandler - Validazione fallita per request uri=/v1/users: {email=Formato email non valido}
]]></system-out>
    <system-err><![CDATA[WARNING: A Java agent has been loaded dynamically (C:\Users\nonni\.m2\repository\net\bytebuddy\byte-buddy-agent\1.14.16\byte-buddy-agent-1.14.16.jar)
WARNING: If a serviceability tool is in use, please run with -XX:+EnableDynamicAgentLoading to hide this warning
WARNING: If a serviceability tool is not in use, please run with -Djdk.instrument.traceUsage for more information
WARNING: Dynamic loading of agents will be disallowed by default in a future release
]]></system-err>
  </testcase>
  <testcase name="createUser_asOwner_returns201" classname="it.intesigroup.usermanagement.integration.UserControllerIT" time="0.343">
    <system-out><![CDATA[2026-03-03 22:13:17 [main] DEBUG o.s.security.web.FilterChainProxy - Securing POST /v1/users
2026-03-03 22:13:17 [main] DEBUG o.s.security.web.FilterChainProxy - Secured POST /v1/users
2026-03-03 22:13:18 [main] DEBUG o.s.s.a.m.AuthorizationManagerBeforeMethodInterceptor - Authorizing method invocation ReflectiveMethodInvocation: public org.springframework.http.ResponseEntity it.intesigroup.usermanagement.controller.UserController.createUser(it.intesigroup.usermanagement.dto.request.CreateUserRequest); target is of class [it.intesigroup.usermanagement.controller.UserController]
2026-03-03 22:13:18 [main] DEBUG o.s.s.a.m.AuthorizationManagerBeforeMethodInterceptor - Authorized method invocation ReflectiveMethodInvocation: public org.springframework.http.ResponseEntity it.intesigroup.usermanagement.controller.UserController.createUser(it.intesigroup.usermanagement.dto.request.CreateUserRequest); target is of class [it.intesigroup.usermanagement.controller.UserController]
2026-03-03 22:13:18 [main] INFO  i.i.u.controller.UserController - POST /v1/users — username=mrossi
2026-03-03 22:13:18 [main] INFO  i.i.u.service.impl.UserServiceImpl - Creazione utente username=mrossi, email=mario.rossi@example.com
2026-03-03 22:13:18 [main] INFO  i.i.u.service.impl.UserServiceImpl - Utente creato con id=153cadfa-31d3-41a1-b73f-ccada81e8a27
2026-03-03 22:13:18 [main] INFO  o.s.a.r.c.CachingConnectionFactory - Attempting to connect to: [localhost:57672]
2026-03-03 22:13:18 [main] INFO  o.s.a.r.c.CachingConnectionFactory - Created new connection: rabbitConnectionFactory#20a5bf0e:0/SimpleConnection@6748d248 [delegate=amqp://guest@127.0.0.1:57672/, localPort=61970]
2026-03-03 22:13:18 [main] INFO  i.i.u.event.UserEventPublisher - Evento USER_CREATED pubblicato per utente id=153cadfa-31d3-41a1-b73f-ccada81e8a27, username=mrossi
]]></system-out>
  </testcase>
  <testcase name="getAllUsers_unauthenticated_returns401" classname="it.intesigroup.usermanagement.integration.UserControllerIT" time="0.008">
    <system-out><![CDATA[2026-03-03 22:13:18 [main] DEBUG o.s.security.web.FilterChainProxy - Securing GET /v1/users
2026-03-03 22:13:18 [main] DEBUG o.s.s.w.a.AnonymousAuthenticationFilter - Set SecurityContextHolder to anonymous SecurityContext
]]></system-out>
  </testcase>
  <testcase name="disableUser_afterCreation_returns204" classname="it.intesigroup.usermanagement.integration.UserControllerIT" time="0.067">
    <system-out><![CDATA[2026-03-03 22:13:18 [main] DEBUG o.s.security.web.FilterChainProxy - Securing POST /v1/users
2026-03-03 22:13:18 [main] DEBUG o.s.security.web.FilterChainProxy - Secured POST /v1/users
2026-03-03 22:13:18 [main] DEBUG o.s.s.a.m.AuthorizationManagerBeforeMethodInterceptor - Authorizing method invocation ReflectiveMethodInvocation: public org.springframework.http.ResponseEntity it.intesigroup.usermanagement.controller.UserController.createUser(it.intesigroup.usermanagement.dto.request.CreateUserRequest); target is of class [it.intesigroup.usermanagement.controller.UserController]
2026-03-03 22:13:18 [main] DEBUG o.s.s.a.m.AuthorizationManagerBeforeMethodInterceptor - Authorized method invocation ReflectiveMethodInvocation: public org.springframework.http.ResponseEntity it.intesigroup.usermanagement.controller.UserController.createUser(it.intesigroup.usermanagement.dto.request.CreateUserRequest); target is of class [it.intesigroup.usermanagement.controller.UserController]
2026-03-03 22:13:18 [main] INFO  i.i.u.controller.UserController - POST /v1/users — username=daDisabilitare
2026-03-03 22:13:18 [main] INFO  i.i.u.service.impl.UserServiceImpl - Creazione utente username=daDisabilitare, email=disable@example.com
2026-03-03 22:13:18 [main] INFO  i.i.u.service.impl.UserServiceImpl - Utente creato con id=b7e38b6d-fa6a-4373-8e41-9222a089adad
2026-03-03 22:13:18 [main] INFO  i.i.u.event.UserEventPublisher - Evento USER_CREATED pubblicato per utente id=b7e38b6d-fa6a-4373-8e41-9222a089adad, username=daDisabilitare
2026-03-03 22:13:18 [main] DEBUG o.s.security.web.FilterChainProxy - Securing PATCH /v1/users/b7e38b6d-fa6a-4373-8e41-9222a089adad/disable
2026-03-03 22:13:18 [main] DEBUG o.s.security.web.FilterChainProxy - Secured PATCH /v1/users/b7e38b6d-fa6a-4373-8e41-9222a089adad/disable
2026-03-03 22:13:18 [main] DEBUG o.s.s.a.m.AuthorizationManagerBeforeMethodInterceptor - Authorizing method invocation ReflectiveMethodInvocation: public org.springframework.http.ResponseEntity it.intesigroup.usermanagement.controller.UserController.disableUser(java.util.UUID); target is of class [it.intesigroup.usermanagement.controller.UserController]
2026-03-03 22:13:18 [main] DEBUG o.s.s.a.m.AuthorizationManagerBeforeMethodInterceptor - Authorized method invocation ReflectiveMethodInvocation: public org.springframework.http.ResponseEntity it.intesigroup.usermanagement.controller.UserController.disableUser(java.util.UUID); target is of class [it.intesigroup.usermanagement.controller.UserController]
2026-03-03 22:13:18 [main] INFO  i.i.u.controller.UserController - PATCH /v1/users/b7e38b6d-fa6a-4373-8e41-9222a089adad/disable
2026-03-03 22:13:18 [main] INFO  i.i.u.service.impl.UserServiceImpl - Disabilitazione utente id=b7e38b6d-fa6a-4373-8e41-9222a089adad
2026-03-03 22:13:18 [main] INFO  i.i.u.service.impl.UserServiceImpl - Utente id=b7e38b6d-fa6a-4373-8e41-9222a089adad disabilitato
]]></system-out>
  </testcase>
  <testcase name="createUser_asReporter_returns403" classname="it.intesigroup.usermanagement.integration.UserControllerIT" time="0.014">
    <system-out><![CDATA[2026-03-03 22:13:18 [main] DEBUG o.s.security.web.FilterChainProxy - Securing POST /v1/users
2026-03-03 22:13:18 [main] DEBUG o.s.security.web.FilterChainProxy - Secured POST /v1/users
2026-03-03 22:13:18 [main] DEBUG o.s.s.a.m.AuthorizationManagerBeforeMethodInterceptor - Authorizing method invocation ReflectiveMethodInvocation: public org.springframework.http.ResponseEntity it.intesigroup.usermanagement.controller.UserController.createUser(it.intesigroup.usermanagement.dto.request.CreateUserRequest); target is of class [it.intesigroup.usermanagement.controller.UserController]
2026-03-03 22:13:18 [main] DEBUG o.s.s.a.m.AuthorizationManagerBeforeMethodInterceptor - Failed to authorize ReflectiveMethodInvocation: public org.springframework.http.ResponseEntity it.intesigroup.usermanagement.controller.UserController.createUser(it.intesigroup.usermanagement.dto.request.CreateUserRequest); target is of class [it.intesigroup.usermanagement.controller.UserController] with authorization manager org.springframework.security.config.annotation.method.configuration.DeferringObservationAuthorizationManager@7f5435ab and decision ExpressionAuthorizationDecision [granted=false, expressionAttribute=hasAnyRole('OWNER','OPERATOR')]
2026-03-03 22:13:18 [main] WARN  i.i.u.e.GlobalExceptionHandler - Accesso negato a uri=/v1/users: Access Denied
]]></system-out>
  </testcase>
  <testcase name="getUserById_withUnknownId_returns404" classname="it.intesigroup.usermanagement.integration.UserControllerIT" time="0.019">
    <system-out><![CDATA[2026-03-03 22:13:18 [main] DEBUG o.s.security.web.FilterChainProxy - Securing GET /v1/users/aeb1c672-261e-4a75-a384-5db094855c58
2026-03-03 22:13:18 [main] DEBUG o.s.security.web.FilterChainProxy - Secured GET /v1/users/aeb1c672-261e-4a75-a384-5db094855c58
2026-03-03 22:13:18 [main] DEBUG o.s.s.a.m.AuthorizationManagerBeforeMethodInterceptor - Authorizing method invocation ReflectiveMethodInvocation: public org.springframework.http.ResponseEntity it.intesigroup.usermanagement.controller.UserController.getUserById(java.util.UUID); target is of class [it.intesigroup.usermanagement.controller.UserController]
2026-03-03 22:13:18 [main] DEBUG o.s.s.a.m.AuthorizationManagerBeforeMethodInterceptor - Authorized method invocation ReflectiveMethodInvocation: public org.springframework.http.ResponseEntity it.intesigroup.usermanagement.controller.UserController.getUserById(java.util.UUID); target is of class [it.intesigroup.usermanagement.controller.UserController]
2026-03-03 22:13:18 [main] DEBUG i.i.u.controller.UserController - GET /v1/users/aeb1c672-261e-4a75-a384-5db094855c58
2026-03-03 22:13:18 [main] DEBUG i.i.u.service.impl.UserServiceImpl - Recupero utente id=aeb1c672-261e-4a75-a384-5db094855c58
2026-03-03 22:13:18 [main] WARN  i.i.u.e.GlobalExceptionHandler - Utente non trovato: Utente non trovato con id: aeb1c672-261e-4a75-a384-5db094855c58
]]></system-out>
  </testcase>
  <testcase name="deleteUser_asOwner_returns204AndUserBecomesInvisible" classname="it.intesigroup.usermanagement.integration.UserControllerIT" time="0.073">
    <system-out><![CDATA[2026-03-03 22:13:18 [main] DEBUG o.s.security.web.FilterChainProxy - Securing POST /v1/users
2026-03-03 22:13:18 [main] DEBUG o.s.security.web.FilterChainProxy - Secured POST /v1/users
2026-03-03 22:13:18 [main] DEBUG o.s.s.a.m.AuthorizationManagerBeforeMethodInterceptor - Authorizing method invocation ReflectiveMethodInvocation: public org.springframework.http.ResponseEntity it.intesigroup.usermanagement.controller.UserController.createUser(it.intesigroup.usermanagement.dto.request.CreateUserRequest); target is of class [it.intesigroup.usermanagement.controller.UserController]
2026-03-03 22:13:18 [main] DEBUG o.s.s.a.m.AuthorizationManagerBeforeMethodInterceptor - Authorized method invocation ReflectiveMethodInvocation: public org.springframework.http.ResponseEntity it.intesigroup.usermanagement.controller.UserController.createUser(it.intesigroup.usermanagement.dto.request.CreateUserRequest); target is of class [it.intesigroup.usermanagement.controller.UserController]
2026-03-03 22:13:18 [main] INFO  i.i.u.controller.UserController - POST /v1/users — username=daEliminare
2026-03-03 22:13:18 [main] INFO  i.i.u.service.impl.UserServiceImpl - Creazione utente username=daEliminare, email=delete@example.com
2026-03-03 22:13:18 [main] INFO  i.i.u.service.impl.UserServiceImpl - Utente creato con id=40463ab6-265a-4716-9f46-1f08d2ebe1dd
2026-03-03 22:13:18 [main] INFO  i.i.u.event.UserEventPublisher - Evento USER_CREATED pubblicato per utente id=40463ab6-265a-4716-9f46-1f08d2ebe1dd, username=daEliminare
2026-03-03 22:13:18 [main] DEBUG o.s.security.web.FilterChainProxy - Securing DELETE /v1/users/40463ab6-265a-4716-9f46-1f08d2ebe1dd
2026-03-03 22:13:18 [main] DEBUG o.s.security.web.FilterChainProxy - Secured DELETE /v1/users/40463ab6-265a-4716-9f46-1f08d2ebe1dd
2026-03-03 22:13:18 [main] DEBUG o.s.s.a.m.AuthorizationManagerBeforeMethodInterceptor - Authorizing method invocation ReflectiveMethodInvocation: public org.springframework.http.ResponseEntity it.intesigroup.usermanagement.controller.UserController.deleteUser(java.util.UUID); target is of class [it.intesigroup.usermanagement.controller.UserController]
2026-03-03 22:13:18 [main] DEBUG o.s.s.a.m.AuthorizationManagerBeforeMethodInterceptor - Authorized method invocation ReflectiveMethodInvocation: public org.springframework.http.ResponseEntity it.intesigroup.usermanagement.controller.UserController.deleteUser(java.util.UUID); target is of class [it.intesigroup.usermanagement.controller.UserController]
2026-03-03 22:13:18 [main] INFO  i.i.u.controller.UserController - DELETE /v1/users/40463ab6-265a-4716-9f46-1f08d2ebe1dd
2026-03-03 22:13:18 [main] INFO  i.i.u.service.impl.UserServiceImpl - Eliminazione logica utente id=40463ab6-265a-4716-9f46-1f08d2ebe1dd
2026-03-03 22:13:18 [main] INFO  i.i.u.service.impl.UserServiceImpl - Utente id=40463ab6-265a-4716-9f46-1f08d2ebe1dd eliminato logicamente
2026-03-03 22:13:18 [main] DEBUG o.s.security.web.FilterChainProxy - Securing GET /v1/users/40463ab6-265a-4716-9f46-1f08d2ebe1dd
2026-03-03 22:13:18 [main] DEBUG o.s.security.web.FilterChainProxy - Secured GET /v1/users/40463ab6-265a-4716-9f46-1f08d2ebe1dd
2026-03-03 22:13:18 [main] DEBUG o.s.s.a.m.AuthorizationManagerBeforeMethodInterceptor - Authorizing method invocation ReflectiveMethodInvocation: public org.springframework.http.ResponseEntity it.intesigroup.usermanagement.controller.UserController.getUserById(java.util.UUID); target is of class [it.intesigroup.usermanagement.controller.UserController]
2026-03-03 22:13:18 [main] DEBUG o.s.s.a.m.AuthorizationManagerBeforeMethodInterceptor - Authorized method invocation ReflectiveMethodInvocation: public org.springframework.http.ResponseEntity it.intesigroup.usermanagement.controller.UserController.getUserById(java.util.UUID); target is of class [it.intesigroup.usermanagement.controller.UserController]
2026-03-03 22:13:18 [main] DEBUG i.i.u.controller.UserController - GET /v1/users/40463ab6-265a-4716-9f46-1f08d2ebe1dd
2026-03-03 22:13:18 [main] DEBUG i.i.u.service.impl.UserServiceImpl - Recupero utente id=40463ab6-265a-4716-9f46-1f08d2ebe1dd
2026-03-03 22:13:18 [main] WARN  i.i.u.e.GlobalExceptionHandler - Utente non trovato: Utente non trovato con id: 40463ab6-265a-4716-9f46-1f08d2ebe1dd
]]></system-out>
  </testcase>
  <testcase name="getAllUsers_authenticated_returns200" classname="it.intesigroup.usermanagement.integration.UserControllerIT" time="0.172">
    <system-out><![CDATA[2026-03-03 22:13:18 [main] DEBUG o.s.security.web.FilterChainProxy - Securing GET /v1/users
2026-03-03 22:13:18 [main] DEBUG o.s.security.web.FilterChainProxy - Secured GET /v1/users
2026-03-03 22:13:18 [main] DEBUG o.s.s.a.m.AuthorizationManagerBeforeMethodInterceptor - Authorizing method invocation ReflectiveMethodInvocation: public org.springframework.http.ResponseEntity it.intesigroup.usermanagement.controller.UserController.getAllUsers(org.springframework.data.domain.Pageable); target is of class [it.intesigroup.usermanagement.controller.UserController]
2026-03-03 22:13:18 [main] DEBUG o.s.s.a.m.AuthorizationManagerBeforeMethodInterceptor - Authorized method invocation ReflectiveMethodInvocation: public org.springframework.http.ResponseEntity it.intesigroup.usermanagement.controller.UserController.getAllUsers(org.springframework.data.domain.Pageable); target is of class [it.intesigroup.usermanagement.controller.UserController]
2026-03-03 22:13:18 [main] DEBUG i.i.u.controller.UserController - GET /v1/users — pagina=0, size=20
2026-03-03 22:13:18 [main] DEBUG i.i.u.service.impl.UserServiceImpl - Recupero lista utenti — pagina=0, size=20
2026-03-03 22:13:18 [main] WARN  o.s.d.w.c.SpringDataJacksonConfiguration$PageModule$PlainPageSerializationWarning - Serializing PageImpl instances as-is is not supported, meaning that there is no guarantee about the stability of the resulting JSON structure!
	For a stable JSON structure, please use Spring Data's PagedModel (globally via @EnableSpringDataWebSupport(pageSerializationMode = VIA_DTO))
	or Spring HATEOAS and Spring Data's PagedResourcesAssembler as documented in https://docs.spring.io/spring-data/commons/reference/repositories/core-extensions.html#core.web.pageables.

]]></system-out>
  </testcase>
  <testcase name="createUser_withDuplicateEmail_returns409" classname="it.intesigroup.usermanagement.integration.UserControllerIT" time="0.055">
    <system-out><![CDATA[2026-03-03 22:13:18 [main] DEBUG o.s.security.web.FilterChainProxy - Securing POST /v1/users
2026-03-03 22:13:18 [main] DEBUG o.s.security.web.FilterChainProxy - Secured POST /v1/users
2026-03-03 22:13:18 [main] DEBUG o.s.s.a.m.AuthorizationManagerBeforeMethodInterceptor - Authorizing method invocation ReflectiveMethodInvocation: public org.springframework.http.ResponseEntity it.intesigroup.usermanagement.controller.UserController.createUser(it.intesigroup.usermanagement.dto.request.CreateUserRequest); target is of class [it.intesigroup.usermanagement.controller.UserController]
2026-03-03 22:13:18 [main] DEBUG o.s.s.a.m.AuthorizationManagerBeforeMethodInterceptor - Authorized method invocation ReflectiveMethodInvocation: public org.springframework.http.ResponseEntity it.intesigroup.usermanagement.controller.UserController.createUser(it.intesigroup.usermanagement.dto.request.CreateUserRequest); target is of class [it.intesigroup.usermanagement.controller.UserController]
2026-03-03 22:13:18 [main] INFO  i.i.u.controller.UserController - POST /v1/users — username=utente1
2026-03-03 22:13:18 [main] INFO  i.i.u.service.impl.UserServiceImpl - Creazione utente username=utente1, email=duplicato@example.com
2026-03-03 22:13:18 [main] INFO  i.i.u.service.impl.UserServiceImpl - Utente creato con id=d1aa0c86-4c4f-4d94-94c4-fab481f14255
2026-03-03 22:13:18 [main] INFO  i.i.u.event.UserEventPublisher - Evento USER_CREATED pubblicato per utente id=d1aa0c86-4c4f-4d94-94c4-fab481f14255, username=utente1
2026-03-03 22:13:18 [main] DEBUG o.s.security.web.FilterChainProxy - Securing POST /v1/users
2026-03-03 22:13:18 [main] DEBUG o.s.security.web.FilterChainProxy - Secured POST /v1/users
2026-03-03 22:13:18 [main] DEBUG o.s.s.a.m.AuthorizationManagerBeforeMethodInterceptor - Authorizing method invocation ReflectiveMethodInvocation: public org.springframework.http.ResponseEntity it.intesigroup.usermanagement.controller.UserController.createUser(it.intesigroup.usermanagement.dto.request.CreateUserRequest); target is of class [it.intesigroup.usermanagement.controller.UserController]
2026-03-03 22:13:18 [main] DEBUG o.s.s.a.m.AuthorizationManagerBeforeMethodInterceptor - Authorized method invocation ReflectiveMethodInvocation: public org.springframework.http.ResponseEntity it.intesigroup.usermanagement.controller.UserController.createUser(it.intesigroup.usermanagement.dto.request.CreateUserRequest); target is of class [it.intesigroup.usermanagement.controller.UserController]
2026-03-03 22:13:18 [main] INFO  i.i.u.controller.UserController - POST /v1/users — username=utente2
2026-03-03 22:13:18 [main] INFO  i.i.u.service.impl.UserServiceImpl - Creazione utente username=utente2, email=duplicato@example.com
2026-03-03 22:13:18 [main] WARN  i.i.u.e.GlobalExceptionHandler - Conflitto su campo 'email': Valore già esistente per il campo 'email': duplicato@example.com
]]></system-out>
  </testcase>
</testsuite>